c:\users\yjiang\documents\visual studio 2013\projects\touch\touch\debug\touch.pch
c:\users\yjiang\documents\visual studio 2013\projects\touch\touch\debug\vc120.pdb
c:\users\yjiang\documents\visual studio 2013\projects\touch\touch\debug\stdafx.obj
c:\users\yjiang\documents\visual studio 2013\projects\touch\touch\debug\touch.obj
c:\users\yjiang\documents\visual studio 2013\projects\touch\touch\debug\assemblyinfo.obj
c:\users\yjiang\documents\visual studio 2013\projects\touch\touch\debug\.netframework,version=v4.5.assemblyattributes.obj
c:\ogdf\debug\touch.dll
c:\ogdf\debug\touch.pdb
c:\users\yjiang\documents\visual studio 2013\projects\touch\touch\debug\app.res
c:\ogdf\debug\touch.lib
c:\ogdf\debug\touch.exp
c:\users\yjiang\documents\visual studio 2013\projects\touch\touch\debug\touch.tlog\cl.command.1.tlog
c:\users\yjiang\documents\visual studio 2013\projects\touch\touch\debug\touch.tlog\cl.read.1.tlog
c:\users\yjiang\documents\visual studio 2013\projects\touch\touch\debug\touch.tlog\cl.write.1.tlog
c:\users\yjiang\documents\visual studio 2013\projects\touch\touch\debug\touch.tlog\link.command.1.tlog
c:\users\yjiang\documents\visual studio 2013\projects\touch\touch\debug\touch.tlog\link.read.1.tlog
c:\users\yjiang\documents\visual studio 2013\projects\touch\touch\debug\touch.tlog\link.write.1.tlog
c:\users\yjiang\documents\visual studio 2013\projects\touch\touch\debug\touch.tlog\metagen.read.1.tlog
c:\users\yjiang\documents\visual studio 2013\projects\touch\touch\debug\touch.tlog\metagen.write.1.tlog
c:\users\yjiang\documents\visual studio 2013\projects\touch\touch\debug\touch.tlog\rc.command.1.tlog
c:\users\yjiang\documents\visual studio 2013\projects\touch\touch\debug\touch.tlog\rc.read.1.tlog
c:\users\yjiang\documents\visual studio 2013\projects\touch\touch\debug\touch.tlog\rc.write.1.tlog
c:\users\yjiang\documents\visual studio 2013\projects\touch\touch\debug\touch.tlog\touch.write.1u.tlog
c:\users\yjiang\documents\visual studio 2013\projects\touch\touch\debug\touch.tlog\rsaenh.dll.bi
c:\users\yjiang\documents\visual studio 2013\projects\touch\touch\debug\touch.tlog\tzres.dll.bi
