c:\users\ye\documents\visual studio 2015\projects\controler\controler\debug\controler.pch
c:\users\ye\documents\visual studio 2015\projects\controler\controler\debug\vc140.pdb
c:\users\ye\documents\visual studio 2015\projects\controler\controler\debug\stdafx.obj
c:\users\ye\documents\visual studio 2015\projects\controler\controler\debug\controler.obj
c:\users\ye\documents\visual studio 2015\projects\controler\controler\debug\assemblyinfo.obj
c:\users\ye\documents\visual studio 2015\projects\controler\controler\debug\.netframework,version=v4.5.2.assemblyattributes.obj
c:\users\ye\documents\visual studio 2015\projects\controler\controler\debug\.netframework,version=v4.5.2.assemblyattributes.asm
c:\users\ye\documents\visual studio 2015\projects\controler\debug\controler.lib
c:\users\ye\documents\visual studio 2015\projects\controler\debug\controler.exp
c:\users\ye\documents\visual studio 2015\projects\controler\debug\controler.dll
c:\users\ye\documents\visual studio 2015\projects\controler\debug\controler.pdb
c:\users\ye\documents\visual studio 2015\projects\controler\controler\debug\app.res
c:\users\ye\documents\visual studio 2015\projects\controler\controler\debug\controler.tlog\cl.command.1.tlog
c:\users\ye\documents\visual studio 2015\projects\controler\controler\debug\controler.tlog\cl.read.1.tlog
c:\users\ye\documents\visual studio 2015\projects\controler\controler\debug\controler.tlog\cl.write.1.tlog
c:\users\ye\documents\visual studio 2015\projects\controler\controler\debug\controler.tlog\controler.write.1u.tlog
c:\users\ye\documents\visual studio 2015\projects\controler\controler\debug\controler.tlog\link.command.1.tlog
c:\users\ye\documents\visual studio 2015\projects\controler\controler\debug\controler.tlog\link.read.1.tlog
c:\users\ye\documents\visual studio 2015\projects\controler\controler\debug\controler.tlog\link.write.1.tlog
c:\users\ye\documents\visual studio 2015\projects\controler\controler\debug\controler.tlog\metagen.read.1.tlog
c:\users\ye\documents\visual studio 2015\projects\controler\controler\debug\controler.tlog\metagen.write.1.tlog
c:\users\ye\documents\visual studio 2015\projects\controler\controler\debug\controler.tlog\rc.command.1.tlog
c:\users\ye\documents\visual studio 2015\projects\controler\controler\debug\controler.tlog\rc.read.1.tlog
c:\users\ye\documents\visual studio 2015\projects\controler\controler\debug\controler.tlog\rc.write.1.tlog
c:\users\ye\documents\visual studio 2015\projects\controler\controler\debug\controler.tlog\tzres.dll.bi
